/*C1*/SET SCHEMA SYSTEM_LOBS
INSERT INTO BLOCKS VALUES(0,2147483647,0)
COMMIT
/*C2*/SET SCHEMA PUBLIC
CREATE TABLE "PUBLIC"."flyway_schema_history" (\u000a    "installed_rank" INT NOT NULL,\u000a    "version" VARCHAR(50),\u000a    "description" VARCHAR(200) NOT NULL,\u000a    "type" VARCHAR(20) NOT NULL,\u000a    "script" VARCHAR(1000) NOT NULL,\u000a    "checksum" INT,\u000a    "installed_by" VARCHAR(100) NOT NULL,\u000a    "installed_on" TIMESTAMP DEFAULT CURRENT_TIMESTAMP NOT NULL,\u000a    "execution_time" INT NOT NULL,\u000a    "success" BIT NOT NULL\u000a)
ALTER TABLE "PUBLIC"."flyway_schema_history" ADD CONSTRAINT "flyway_schema_history_pk" PRIMARY KEY ("installed_rank")
CREATE INDEX "PUBLIC"."flyway_schema_history_s_idx" ON "PUBLIC"."flyway_schema_history" ("success")
SET SCHEMA "PUBLIC"
CREATE TABLE events (\u000d\u000a    id VARCHAR(255) NOT NULL PRIMARY KEY,\u000d\u000a    title VARCHAR(255) NOT NULL,\u000d\u000a    details VARCHAR(255) NOT NULL,\u000d\u000a    slug VARCHAR(255) NOT NULL,\u000d\u000a    maximum_attendees INTEGER NOT NULL\u000d\u000a)
INSERT INTO "flyway_schema_history" VALUES(1,'1','create-table-events','SQL','V1__create-table-events.sql',1697759344,'SA','2024-04-11 00:53:14.011401',8,'1')
COMMIT
SET SCHEMA "PUBLIC"
CREATE TABLE attendees (\u000d\u000a    id VARCHAR(255) NOT NULL PRIMARY KEY,\u000d\u000a    name VARCHAR(255) NOT NULL,\u000d\u000a    email VARCHAR(255) NOT NULL,\u000d\u000a    event_id VARCHAR(255) NOT NULL,\u000d\u000a    created_at TIMESTAMP DEFAULT CURRENT_TIMESTAMP,\u000d\u000a    CONSTRAINT attendees_event_id_fkey FOREIGN KEY (event_id) REFERENCES events(id) ON DELETE RESTRICT ON UPDATE CASCADE\u000d\u000a)
INSERT INTO "flyway_schema_history" VALUES(2,'2','create-table-attendees','SQL','V2__create-table-attendees.sql',70824381,'SA','2024-04-11 00:53:14.065404',3,'1')
COMMIT
SET SCHEMA "PUBLIC"
CREATE TABLE check_ins(\u000d\u000a    id INTEGER NOT NULL PRIMARY KEY IDENTITY,\u000d\u000a    created_at TIMESTAMP DEFAULT CURRENT_TIMESTAMP,\u000d\u000a    attendee_id VARCHAR(255) NOT NULL\u000d\u000a--    CONSTRAINT check_ins_attendee_id_fkey FOREIGN KEY (attendee_id) REFERENCES attendees (id) ON DELETE RESTRICT ON UPDATE CASCADE\u000d\u000a)
INSERT INTO "flyway_schema_history" VALUES(3,'3','create-table-checkins','SQL','V3__create-table-checkins.sql',302868475,'SA','2024-04-11 00:53:14.089399',2,'1')
COMMIT
SET SCHEMA "PUBLIC"
CREATE UNIQUE INDEX events_slug_key ON events(slug)
CREATE UNIQUE INDEX attendees_event_id_email_key ON attendees(event_id, email)
CREATE UNIQUE INDEX check_ins_attendee_id_key ON check_ins(attendee_id)
INSERT INTO "flyway_schema_history" VALUES(4,'4','create-indexes','SQL','V4__create-indexes.sql',553901455,'SA','2024-04-11 00:53:14.116400',3,'1')
COMMIT
SET SCHEMA "PUBLIC"
create table attendee (id varchar(255) not null, created_at timestamp(6), email varchar(255) not null, name varchar(255) not null, event_id varchar(255) not null, primary key (id))
alter table check_ins add column create_at timestamp(6)
alter table attendee add constraint FKtoipg3h1dhnmntm4xhii2cct0 foreign key (event_id) references events
alter table check_ins add constraint FKktc2en14qawx8avys89824567 foreign key (attendee_id) references attendee
INSERT INTO EVENTS VALUES('c6212bfd-1c52-4a84-a786-7e9f4a190144','Rocketseat NLW Unite 2.23345430','Aprenda v\u00e1rias tecnologias de forma gratuita','rocketseat-nlw-unite-223345430',1)
COMMIT
INSERT INTO ATTENDEE VALUES('46e66e2c-2a6e-4995-bb61-f6b3757f43c1','2024-04-11 00:54:15.497966','testeee#hotmail.com','Luiz Henrique','c6212bfd-1c52-4a84-a786-7e9f4a190144')
COMMIT
INSERT INTO CHECK_INS VALUES(0,'2024-04-11 00:54:34.636400','46e66e2c-2a6e-4995-bb61-f6b3757f43c1','2024-04-11 00:54:34.631408')
COMMIT
/*C7*/SET SCHEMA PUBLIC
DISCONNECT
/*C8*/SET SCHEMA PUBLIC
DISCONNECT
/*C3*/SET SCHEMA PUBLIC
DISCONNECT
/*C9*/SET SCHEMA PUBLIC
DISCONNECT
/*C2*/DISCONNECT
/*C6*/SET SCHEMA PUBLIC
DISCONNECT
/*C4*/SET SCHEMA PUBLIC
DISCONNECT
/*C11*/SET SCHEMA PUBLIC
DISCONNECT
/*C10*/SET SCHEMA PUBLIC
DISCONNECT
/*C5*/SET SCHEMA PUBLIC
DISCONNECT
/*C13*/SET SCHEMA PUBLIC
DISCONNECT
/*C14*/SET SCHEMA PUBLIC
DISCONNECT
/*C19*/SET SCHEMA PUBLIC
DISCONNECT
/*C15*/SET SCHEMA PUBLIC
DISCONNECT
/*C16*/SET SCHEMA PUBLIC
DISCONNECT
/*C20*/SET SCHEMA PUBLIC
DISCONNECT
/*C17*/SET SCHEMA PUBLIC
DISCONNECT
/*C21*/SET SCHEMA PUBLIC
DISCONNECT
/*C18*/SET SCHEMA PUBLIC
DISCONNECT
/*C12*/SET SCHEMA PUBLIC
DISCONNECT
/*C27*/SET SCHEMA PUBLIC
DISCONNECT
/*C31*/SET SCHEMA PUBLIC
DISCONNECT
/*C28*/SET SCHEMA PUBLIC
DISCONNECT
/*C25*/SET SCHEMA PUBLIC
DISCONNECT
/*C23*/SET SCHEMA PUBLIC
DISCONNECT
/*C26*/SET SCHEMA PUBLIC
DISCONNECT
/*C29*/SET SCHEMA PUBLIC
DISCONNECT
/*C24*/SET SCHEMA PUBLIC
DISCONNECT
/*C22*/SET SCHEMA PUBLIC
DISCONNECT
/*C30*/SET SCHEMA PUBLIC
DISCONNECT
/*C36*/SET SCHEMA PUBLIC
DISCONNECT
/*C33*/SET SCHEMA PUBLIC
DISCONNECT
/*C40*/SET SCHEMA PUBLIC
DISCONNECT
/*C35*/SET SCHEMA PUBLIC
DISCONNECT
/*C32*/SET SCHEMA PUBLIC
DISCONNECT
/*C41*/SET SCHEMA PUBLIC
DISCONNECT
/*C38*/SET SCHEMA PUBLIC
DISCONNECT
/*C34*/SET SCHEMA PUBLIC
DISCONNECT
/*C39*/SET SCHEMA PUBLIC
DISCONNECT
/*C37*/SET SCHEMA PUBLIC
DISCONNECT
/*C43*/SET SCHEMA PUBLIC
DISCONNECT
/*C45*/SET SCHEMA PUBLIC
DISCONNECT
/*C42*/SET SCHEMA PUBLIC
DISCONNECT
/*C46*/SET SCHEMA PUBLIC
DISCONNECT
/*C47*/SET SCHEMA PUBLIC
DISCONNECT
/*C44*/SET SCHEMA PUBLIC
DISCONNECT
/*C49*/SET SCHEMA PUBLIC
DISCONNECT
/*C50*/SET SCHEMA PUBLIC
DISCONNECT
/*C48*/SET SCHEMA PUBLIC
DISCONNECT
/*C51*/SET SCHEMA PUBLIC
DISCONNECT
/*C52*/SET SCHEMA PUBLIC
DISCONNECT
/*C53*/SET SCHEMA PUBLIC
DISCONNECT
/*C54*/SET SCHEMA PUBLIC
DISCONNECT
/*C55*/SET SCHEMA PUBLIC
DISCONNECT
/*C56*/SET SCHEMA PUBLIC
DISCONNECT
/*C57*/SET SCHEMA PUBLIC
DISCONNECT
/*C58*/SET SCHEMA PUBLIC
DISCONNECT
/*C59*/SET SCHEMA PUBLIC
DISCONNECT
/*C60*/SET SCHEMA PUBLIC
DISCONNECT
/*C61*/SET SCHEMA PUBLIC
DISCONNECT
